\BOOKMARK [1][-]{section.1}{Introduction}{}% 1
\BOOKMARK [1][-]{section.2}{Legend}{}% 2
\BOOKMARK [1][-]{section.3}{Phonology}{}% 3
\BOOKMARK [2][-]{subsection.3.1}{Phoneme\040Inventory}{section.3}% 4
\BOOKMARK [3][-]{subsubsection.3.1.1}{Consonants}{subsection.3.1}% 5
\BOOKMARK [3][-]{subsubsection.3.1.2}{Vowels}{subsection.3.1}% 6
\BOOKMARK [2][-]{subsection.3.2}{Phonotactics}{section.3}% 7
\BOOKMARK [3][-]{subsubsection.3.2.1}{Syllable\040Structure}{subsection.3.2}% 8
\BOOKMARK [2][-]{subsection.3.3}{Tone}{section.3}% 9
\BOOKMARK [1][-]{section.4}{Animacy}{}% 10
\BOOKMARK [1][-]{section.5}{Verbs,\040Adjectives\040and\040Adverbs}{}% 11
\BOOKMARK [2][-]{subsection.5.1}{Verb\040Morphology}{section.5}% 12
\BOOKMARK [3][-]{subsubsection.5.1.1}{Tense}{subsection.5.1}% 13
\BOOKMARK [3][-]{subsubsection.5.1.2}{Aspect}{subsection.5.1}% 14
\BOOKMARK [3][-]{subsubsection.5.1.3}{Mood}{subsection.5.1}% 15
\BOOKMARK [3][-]{subsubsection.5.1.4}{Voice}{subsection.5.1}% 16
\BOOKMARK [2][-]{subsection.5.2}{Transitivity}{section.5}% 17
\BOOKMARK [2][-]{subsection.5.3}{Adjectives}{section.5}% 18
\BOOKMARK [2][-]{subsection.5.4}{Adverbs}{section.5}% 19
\BOOKMARK [1][-]{section.6}{Nouns}{}% 20
\BOOKMARK [2][-]{subsection.6.1}{Number}{section.6}% 21
\BOOKMARK [2][-]{subsection.6.2}{Case}{section.6}% 22
\BOOKMARK [1][-]{section.7}{Postpositions}{}% 23
\BOOKMARK [1][-]{section.8}{Interrogatives}{}% 24
\BOOKMARK [2][-]{subsection.8.1}{Polar\040Questions}{section.8}% 25
\BOOKMARK [2][-]{subsection.8.2}{Tag\040Questions}{section.8}% 26
\BOOKMARK [2][-]{subsection.8.3}{Wh-qestions}{section.8}% 27
\BOOKMARK [1][-]{section.9}{Anaphora}{}% 28
\BOOKMARK [2][-]{subsection.9.1}{Personal\040Pronouns}{section.9}% 29
\BOOKMARK [2][-]{subsection.9.2}{Classifiers}{section.9}% 30
\BOOKMARK [2][-]{subsection.9.3}{Correlatives}{section.9}% 31
\BOOKMARK [1][-]{section.10}{Conjunctions}{}% 32
\BOOKMARK [1][-]{section.11}{Syntax}{}% 33
\BOOKMARK [1][-]{section.12}{Derivational\040Morphology}{}% 34
\BOOKMARK [1][-]{section.13}{Numbers}{}% 35
\BOOKMARK [1][-]{section.14}{Example\040Texts}{}% 36
\BOOKMARK [2][-]{subsection.14.1}{The\040Babel\040Text}{section.14}% 37
